# JRE version: OpenJDK Runtime Environment (10.0.2+13) (build 10.0.2+13-Ubuntu-1ubuntu0.18.04.4)
# Java VM: OpenJDK 64-Bit Server VM (10.0.2+13-Ubuntu-1ubuntu0.18.04.4, mixed mode, tiered, compressed oops, g1 gc, linux-amd64)
Heap:
 garbage-first heap   total 498688K, used 120241K [0x00000000c1800000, 0x0000000100000000)
  region size 1024K, 2 young (2048K), 2 survivors (2048K)
 Metaspace       used 8535K, capacity 8709K, committed 8960K, reserved 1056768K
  class space    used 699K, capacity 737K, committed 768K, reserved 1048576K
GC Heap History (10 events):
Event: 14,126 GC heap after
{Heap after GC invocations=10 (full 0):
 garbage-first heap   total 126976K, used 70175K [0x00000000c1800000, 0x0000000100000000)
  region size 1024K, 2 young (2048K), 2 survivors (2048K)
 Metaspace       used 8526K, capacity 8703K, committed 8960K, reserved 1056768K
  class space    used 698K, capacity 736K, committed 768K, reserved 1048576K
}
Event: 14,369 GC heap before
{Heap before GC invocations=10 (full 0):
 garbage-first heap   total 126976K, used 92703K [0x00000000c1800000, 0x0000000100000000)
  region size 1024K, 10 young (10240K), 2 survivors (2048K)
 Metaspace       used 8526K, capacity 8703K, committed 8960K, reserved 1056768K
  class space    used 698K, capacity 736K, committed 768K, reserved 1048576K
}
Event: 14,470 GC heap after
{Heap after GC invocations=11 (full 0):
 garbage-first heap   total 253952K, used 88503K [0x00000000c1800000, 0x0000000100000000)
  region size 1024K, 2 young (2048K), 2 survivors (2048K)
 Metaspace       used 8526K, capacity 8703K, committed 8960K, reserved 1056768K
  class space    used 698K, capacity 736K, committed 768K, reserved 1048576K
}
Event: 14,631 GC heap before
{Heap before GC invocations=11 (full 0):
 garbage-first heap   total 253952K, used 98743K [0x00000000c1800000, 0x0000000100000000)
  region size 1024K, 12 young (12288K), 2 survivors (2048K)
 Metaspace       used 8526K, capacity 8703K, committed 8960K, reserved 1056768K
  class space    used 698K, capacity 736K, committed 768K, reserved 1048576K
}
Event: 14,655 GC heap after
{Heap after GC invocations=12 (full 0):
 garbage-first heap   total 253952K, used 94666K [0x00000000c1800000, 0x0000000100000000)
  region size 1024K, 2 young (2048K), 2 survivors (2048K)
 Metaspace       used 8526K, capacity 8703K, committed 8960K, reserved 1056768K
  class space    used 698K, capacity 736K, committed 768K, reserved 1048576K
}
Event: 15,524 GC heap before
{Heap before GC invocations=13 (full 0):
 garbage-first heap   total 253952K, used 107978K [0x00000000c1800000, 0x0000000100000000)
  region size 1024K, 21 young (21504K), 2 survivors (2048K)
 Metaspace       used 8526K, capacity 8703K, committed 8960K, reserved 1056768K
  class space    used 698K, capacity 736K, committed 768K, reserved 1048576K
}
Event: 15,592 GC heap after
{Heap after GC invocations=14 (full 0):
 garbage-first heap   total 253952K, used 99877K [0x00000000c1800000, 0x0000000100000000)
  region size 1024K, 3 young (3072K), 3 survivors (3072K)
 Metaspace       used 8526K, capacity 8703K, committed 8960K, reserved 1056768K
  class space    used 698K, capacity 736K, committed 768K, reserved 1048576K
}
Event: 15,676 GC heap before
{Heap before GC invocations=14 (full 0):
 garbage-first heap   total 253952K, used 113189K [0x00000000c1800000, 0x0000000100000000)
  region size 1024K, 16 young (16384K), 3 survivors (3072K)
 Metaspace       used 8526K, capacity 8703K, committed 8960K, reserved 1056768K
  class space    used 698K, capacity 736K, committed 768K, reserved 1048576K
}
Event: 15,741 GC heap after
{Heap after GC invocations=15 (full 0):
 garbage-first heap   total 253952K, used 108409K [0x00000000c1800000, 0x0000000100000000)
  region size 1024K, 2 young (2048K), 2 survivors (2048K)
 Metaspace       used 8526K, capacity 8703K, committed 8960K, reserved 1056768K
  class space    used 698K, capacity 736K, committed 768K, reserved 1048576K
}
Event: 25,419 GC heap before
{Heap before GC invocations=15 (full 0):
 garbage-first heap   total 253952K, used 122745K [0x00000000c1800000, 0x0000000100000000)
  region size 1024K, 16 young (16384K), 2 survivors (2048K)
 Metaspace       used 8535K, capacity 8709K, committed 8960K, reserved 1056768K
  class space    used 699K, capacity 737K, committed 768K, reserved 1048576K
}

